2024-10-10 13:21:41,647 - INFO - Function ''preprocess_data' executed in 1.0996 seconds
2024-10-10 13:22:06,837 - INFO - Function ''preprocess_data' executed in 1.0169 seconds
2024-10-10 13:25:01,833 - INFO - Function ''preprocess_data' executed in 1.0081 seconds
2024-10-10 13:25:08,089 - INFO - Function ''process_input' executed in 0.0809 seconds
2024-10-10 13:25:39,115 - INFO - Function ''preprocess_data' executed in 1.0317 seconds
2024-10-10 13:25:48,130 - INFO - Function ''find_matched_keywords' executed in 0.0117 seconds
2024-10-10 13:25:48,159 - INFO - Function ''find_intent' executed in 0.0068 seconds
2024-10-10 13:25:48,160 - INFO - Function ''process_input' executed in 0.0427 seconds
2024-10-10 13:30:45,094 - INFO - Function 'preprocess_data' executed in 1.0143 seconds
2024-10-10 13:31:02,628 - INFO - Function 'find_matched_keywords' executed in 0.0159 seconds
2024-10-10 13:31:02,659 - INFO - Function 'find_intent' executed in 0.0082 seconds
2024-10-10 13:31:02,667 - INFO - Function 'process_input' executed in 0.0558 seconds
2024-10-10 13:33:22,145 - INFO - Function 'find_matched_keywords' executed in 0.0115 seconds
2024-10-10 13:33:22,200 - INFO - Function 'find_intent' executed in 0.0002 seconds
2024-10-10 13:33:51,179 - INFO - Function 'process_input' executed in 29.0532 seconds
2024-10-10 13:36:42,179 - INFO - Function 'preprocess_data' executed in 1.0172 seconds
2024-10-10 13:41:07,911 - INFO - Function 'preprocess_data' executed in 1.3991 seconds
2024-10-10 13:41:30,123 - INFO - Function 'preprocess_data' executed in 0.2198 seconds
2024-10-10 13:47:22,290 - INFO - Function 'preprocess_data' executed in 1.4284 seconds
2024-10-10 13:47:33,806 - INFO - Function 'preprocess_data' executed in 0.2021 seconds
2024-10-10 13:49:20,141 - INFO - Function 'preprocess_data' executed in 0.1684 seconds
2024-10-10 13:49:43,791 - INFO - Function 'preprocess_data' executed in 0.1655 seconds
2024-10-10 13:55:03,701 - INFO - Function 'preprocess_data' executed in 0.1980 seconds
2024-10-10 14:09:21,591 - INFO - Function 'preprocess_data' executed in 0.1716 seconds
2024-10-10 14:09:36,862 - INFO - Function 'find_matched_keywords' executed in 0.0220 seconds
2024-10-10 14:09:36,933 - INFO - Function 'find_intent' executed in 0.0101 seconds
2024-10-10 14:09:36,954 - INFO - Function 'process_input' executed in 0.1157 seconds
2024-10-10 14:09:44,168 - INFO - Function 'find_matched_keywords' executed in 0.0119 seconds
2024-10-10 14:09:44,190 - INFO - Function 'find_intent' executed in 0.0002 seconds
2024-10-10 14:09:44,200 - INFO - Function 'process_input' executed in 0.0508 seconds
2024-10-10 14:10:09,896 - INFO - Function 'preprocess_data' executed in 0.1627 seconds
2024-10-10 14:10:58,916 - INFO - Function 'preprocess_data' executed in 0.1700 seconds
2024-10-10 14:11:10,586 - INFO - Function 'find_matched_keywords' executed in 0.0145 seconds
2024-10-10 14:11:10,646 - INFO - Function 'find_intent' executed in 0.0067 seconds
2024-10-10 14:11:10,652 - INFO - Function 'process_input' executed in 0.0835 seconds
2024-10-10 14:11:30,951 - INFO - Function 'preprocess_data' executed in 0.1626 seconds
2024-10-10 14:11:56,356 - INFO - Function 'preprocess_data' executed in 0.1617 seconds
2024-10-10 14:12:00,739 - INFO - Function 'find_matched_keywords' executed in 0.0147 seconds
2024-10-10 14:12:00,798 - INFO - Function 'find_intent' executed in 0.0062 seconds
2024-10-10 14:12:00,803 - INFO - Function 'process_input' executed in 0.0843 seconds
2024-10-10 14:12:46,695 - INFO - Function 'preprocess_data' executed in 0.1655 seconds
2024-10-10 14:12:55,260 - INFO - Function 'find_matched_keywords' executed in 0.0077 seconds
2024-10-10 14:12:55,326 - INFO - Function 'find_intent' executed in 0.0062 seconds
2024-10-10 14:12:55,331 - INFO - Function 'process_input' executed in 0.0833 seconds
2024-10-10 14:16:44,749 - INFO - Function 'preprocess_data' executed in 0.1671 seconds
2024-10-10 14:18:46,924 - INFO - Function 'preprocess_data' executed in 0.1691 seconds
2024-10-10 14:18:51,801 - INFO - Function 'find_matched_keywords' executed in 0.0180 seconds
2024-10-10 14:24:42,258 - INFO - Function 'preprocess_data' executed in 0.1990 seconds
2024-10-10 14:25:03,970 - INFO - Function 'find_matched_keywords' executed in 0.0092 seconds
2024-10-10 14:25:04,031 - INFO - Function 'find_intent' executed in 0.0077 seconds
2024-11-07 17:25:12,746 - INFO - Function 'preprocess_data' executed in 0.1614 seconds
2024-11-07 17:25:18,943 - INFO - Function 'find_matched_keywords' executed in 0.0198 seconds
2024-11-07 17:25:18,971 - INFO - Function 'find_intent' executed in 0.0078 seconds
2024-11-14 10:11:59,463 - INFO - Function 'preprocess_data' executed in 0.1946 seconds
2024-11-14 10:12:56,361 - INFO - Function 'find_matched_keywords' executed in 0.0225 seconds
2024-11-14 10:12:56,387 - INFO - Function 'find_intent' executed in 0.0086 seconds
2024-11-14 10:14:29,261 - INFO - Function 'preprocess_data' executed in 0.1997 seconds
2024-11-14 10:17:06,067 - INFO - Function 'preprocess_data' executed in 0.1711 seconds
2024-11-14 10:17:13,532 - INFO - Function 'find_matched_keywords' executed in 0.0162 seconds
2024-11-14 10:17:13,563 - INFO - Function 'find_intent' executed in 0.0062 seconds
2024-11-14 10:18:41,532 - INFO - Function 'preprocess_data' executed in 0.1614 seconds
2024-11-14 10:18:47,823 - INFO - Function 'find_matched_keywords' executed in 0.0153 seconds
2024-11-14 10:18:47,840 - INFO - Function 'find_intent' executed in 0.0067 seconds
2024-11-14 10:19:42,022 - INFO - Function 'preprocess_data' executed in 0.1602 seconds
2024-11-14 10:19:46,050 - INFO - Function 'find_matched_keywords' executed in 0.0168 seconds
2024-11-14 10:19:46,070 - INFO - Function 'find_intent' executed in 0.0068 seconds
2024-11-14 10:21:51,635 - INFO - Function 'preprocess_data' executed in 0.1606 seconds
2024-11-14 10:21:56,316 - INFO - Function 'find_matched_keywords' executed in 0.0167 seconds
2024-11-14 10:22:26,744 - INFO - Function 'preprocess_data' executed in 0.1651 seconds
2024-11-14 10:22:36,175 - INFO - Function 'find_matched_keywords' executed in 0.0186 seconds
2024-11-14 10:23:05,997 - INFO - Function 'preprocess_data' executed in 0.1639 seconds
2024-11-14 10:23:08,848 - INFO - Function 'find_matched_keywords' executed in 0.0149 seconds
2024-11-14 10:23:34,232 - INFO - Function 'preprocess_data' executed in 0.1667 seconds
2024-11-14 10:23:37,694 - INFO - Function 'find_matched_keywords' executed in 0.0156 seconds
2024-11-14 10:23:58,007 - INFO - Function 'preprocess_data' executed in 0.1650 seconds
2024-11-14 10:24:01,397 - INFO - Function 'find_matched_keywords' executed in 0.0182 seconds
2024-11-14 10:24:02,713 - INFO - Function 'find_intent' executed in 0.0065 seconds
2024-11-14 10:25:32,595 - INFO - Function 'preprocess_data' executed in 0.1653 seconds
2024-11-14 10:25:35,242 - INFO - Function 'find_matched_keywords' executed in 0.0178 seconds
2024-11-14 10:25:36,493 - INFO - Function 'find_intent' executed in 0.0070 seconds
2024-11-14 10:27:31,038 - INFO - Function 'preprocess_data' executed in 0.1621 seconds
2024-11-14 10:27:33,962 - INFO - Function 'find_matched_keywords' executed in 0.0150 seconds
2024-11-14 10:27:35,205 - INFO - Function 'find_intent' executed in 0.0068 seconds
2024-11-14 10:27:35,211 - INFO - Function 'process_input' executed in 1.2687 seconds
2024-11-14 10:30:53,333 - INFO - Function 'preprocess_data' executed in 0.1679 seconds
2024-11-14 10:30:56,222 - INFO - Function 'find_matched_keywords' executed in 0.0168 seconds
2024-11-14 10:30:57,563 - INFO - Function 'find_intent' executed in 0.0066 seconds
2024-11-14 10:30:57,570 - INFO - Function 'process_input' executed in 1.3698 seconds
2024-11-14 10:32:06,961 - INFO - Function 'find_matched_keywords' executed in 0.0122 seconds
2024-11-14 10:32:06,974 - INFO - Function 'find_intent' executed in 0.0002 seconds
2024-11-14 10:32:06,975 - INFO - Function 'process_input' executed in 0.0320 seconds
2024-11-14 10:32:15,899 - INFO - Function 'find_matched_keywords' executed in 0.0133 seconds
2024-11-14 10:32:15,912 - INFO - Function 'find_intent' executed in 0.0001 seconds
2024-11-14 10:32:15,919 - INFO - Function 'process_input' executed in 0.0337 seconds
2024-11-14 10:34:41,531 - INFO - Function 'preprocess_data' executed in 0.1688 seconds
2024-11-14 10:34:45,336 - INFO - Function 'find_matched_keywords' executed in 0.0163 seconds
2024-11-14 10:34:45,357 - INFO - Function 'find_intent' executed in 0.0071 seconds
2024-11-14 10:34:45,363 - INFO - Function 'process_input' executed in 0.0442 seconds
2024-11-14 10:34:52,590 - INFO - Function 'find_matched_keywords' executed in 0.0120 seconds
2024-11-14 10:34:52,602 - INFO - Function 'find_intent' executed in 0.0003 seconds
2024-11-14 10:34:52,603 - INFO - Function 'process_input' executed in 0.0298 seconds
2024-11-14 10:34:56,054 - INFO - Function 'find_matched_keywords' executed in 0.0128 seconds
2024-11-14 10:34:56,066 - INFO - Function 'find_intent' executed in 0.0002 seconds
2024-11-14 10:34:56,073 - INFO - Function 'process_input' executed in 0.0325 seconds
2024-11-14 10:35:00,489 - INFO - Function 'find_matched_keywords' executed in 0.0129 seconds
2024-11-14 10:35:00,501 - INFO - Function 'find_intent' executed in 0.0002 seconds
2024-11-14 10:35:00,507 - INFO - Function 'process_input' executed in 0.0359 seconds
2024-11-14 10:35:05,304 - INFO - Function 'find_matched_keywords' executed in 0.0137 seconds
2024-11-14 10:35:05,317 - INFO - Function 'find_intent' executed in 0.0002 seconds
2024-11-14 10:35:05,318 - INFO - Function 'process_input' executed in 0.0329 seconds
2024-11-14 10:37:16,109 - INFO - Function 'preprocess_data' executed in 0.1684 seconds
2024-11-14 10:37:18,307 - INFO - Function 'find_matched_keywords' executed in 0.0157 seconds
2024-11-14 10:37:18,325 - INFO - Function 'find_intent' executed in 0.0066 seconds
2024-11-14 10:37:18,332 - INFO - Function 'process_input' executed in 0.0411 seconds
2024-11-14 10:37:21,596 - INFO - Function 'find_matched_keywords' executed in 0.0133 seconds
2024-11-14 10:37:21,607 - INFO - Function 'find_intent' executed in 0.0003 seconds
2024-11-14 10:37:21,608 - INFO - Function 'process_input' executed in 0.0358 seconds
2024-11-14 10:37:25,496 - INFO - Function 'find_matched_keywords' executed in 0.0123 seconds
2024-11-14 10:37:25,508 - INFO - Function 'find_intent' executed in 0.0001 seconds
2024-11-14 10:37:25,515 - INFO - Function 'process_input' executed in 0.0314 seconds
2024-11-16 12:33:47,556 - INFO - Function 'preprocess_data' executed in 0.2027 seconds
2024-11-16 12:34:05,782 - INFO - Function 'find_matched_keywords' executed in 0.0113 seconds
2024-11-16 12:34:05,806 - INFO - Function 'find_intent' executed in 0.0062 seconds
2024-11-16 12:34:05,824 - INFO - Function 'process_input' executed in 0.0538 seconds
2024-11-16 12:34:26,945 - INFO - Function 'find_matched_keywords' executed in 0.0150 seconds
2024-11-16 12:34:26,958 - INFO - Function 'find_intent' executed in 0.0003 seconds
2024-11-16 12:34:27,456 - INFO - Function 'process_input' executed in 0.5333 seconds
2024-11-16 12:34:33,183 - INFO - Function 'find_matched_keywords' executed in 0.0141 seconds
2024-11-16 12:34:33,196 - INFO - Function 'find_intent' executed in 0.0002 seconds
2024-11-16 12:34:33,203 - INFO - Function 'process_input' executed in 0.0353 seconds
2024-11-16 12:34:55,536 - INFO - Function 'preprocess_data' executed in 0.1641 seconds
2024-11-16 12:35:06,638 - INFO - Function 'find_matched_keywords' executed in 0.0175 seconds
2024-11-16 12:35:06,658 - INFO - Function 'find_intent' executed in 0.0078 seconds
2024-11-16 12:35:08,168 - INFO - HTTP Request: POST https://api.elevenlabs.io/v1/text-to-speech/r1E4x9gdvKI4ah2XK8th?optimize_streaming_latency=0&output_format=mp3_44100_128 "HTTP/1.1 200 OK"
2024-11-16 12:35:08,194 - INFO - Function 'process_input' executed in 1.5749 seconds
2024-11-16 12:35:34,386 - INFO - Function 'preprocess_data' executed in 0.1658 seconds
2024-11-16 12:35:38,163 - INFO - Function 'find_matched_keywords' executed in 0.0180 seconds
2024-11-16 12:35:38,183 - INFO - Function 'find_intent' executed in 0.0074 seconds
2024-11-16 12:35:39,551 - INFO - HTTP Request: POST https://api.elevenlabs.io/v1/text-to-speech/r1E4x9gdvKI4ah2XK8th?optimize_streaming_latency=0&output_format=mp3_44100_128 "HTTP/1.1 200 OK"
2024-11-16 12:35:39,593 - INFO - Function 'process_input' executed in 1.4491 seconds
